2025-07-08 15:12:17 - Starting C:\Program Files\nodejs\node.exe  C:\Users\Administrator\AppData\Roaming\npm\node_modules\node-windows\lib\wrapper.js --file E:\BE-IOT\BE-DX\index.js --scriptoptions= --log "IOT-BE-DX wrapper" --grow 0.25 --wait 1 --maxrestarts 3 --abortonerror n --stopparentfirst undefined
2025-07-08 15:12:17 - Started 14576
2025-07-14 08:58:51 - Stopping iotbedx.exe
2025-07-14 08:58:51 - ProcessKill 14576
2025-07-14 08:58:51 - Shutdown exception
Message:A system shutdown is in progress. (Exception from HRESULT: 0x8007045B)
Stacktrace:   at System.Runtime.InteropServices.Marshal.ThrowExceptionForHRInternal(Int32 errorCode, IntPtr errorInfo)
   at System.Management.ManagementScope.InitializeGuts(Object o)
   at System.Management.ManagementScope.Initialize()
   at System.Management.ManagementObjectSearcher.Initialize()
   at System.Management.ManagementObjectSearcher.Get()
   at winsw.WrapperService.GetChildPids(Int32 pid)
   at winsw.WrapperService.StopProcessAndChildren(Int32 pid)
   at winsw.WrapperService.StopIt()
   at winsw.WrapperService.OnShutdown()
2025-07-14 08:59:59 - Starting C:\Program Files\nodejs\node.exe  C:\Users\Administrator\AppData\Roaming\npm\node_modules\node-windows\lib\wrapper.js --file E:\BE-IOT\BE-DX\index.js --scriptoptions= --log "IOT-BE-DX wrapper" --grow 0.25 --wait 1 --maxrestarts 3 --abortonerror n --stopparentfirst undefined
2025-07-14 08:59:59 - Started 5720
2025-07-14 09:02:04 - Stopping iotbedx.exe
2025-07-14 09:02:04 - ProcessKill 5720
2025-07-14 09:02:04 - Shutdown exception
Message:A system shutdown is in progress. (Exception from HRESULT: 0x8007045B)
Stacktrace:   at System.Runtime.InteropServices.Marshal.ThrowExceptionForHRInternal(Int32 errorCode, IntPtr errorInfo)
   at System.Management.ManagementScope.InitializeGuts(Object o)
   at System.Management.ManagementScope.Initialize()
   at System.Management.ManagementObjectSearcher.Initialize()
   at System.Management.ManagementObjectSearcher.Get()
   at winsw.WrapperService.GetChildPids(Int32 pid)
   at winsw.WrapperService.StopProcessAndChildren(Int32 pid)
   at winsw.WrapperService.StopIt()
   at winsw.WrapperService.OnShutdown()
2025-07-14 09:04:24 - Starting C:\Program Files\nodejs\node.exe  C:\Users\Administrator\AppData\Roaming\npm\node_modules\node-windows\lib\wrapper.js --file E:\BE-IOT\BE-DX\index.js --scriptoptions= --log "IOT-BE-DX wrapper" --grow 0.25 --wait 1 --maxrestarts 3 --abortonerror n --stopparentfirst undefined
2025-07-14 09:04:24 - Started 5496
2025-07-14 11:43:23 - Starting C:\Program Files\nodejs\node.exe  C:\Users\Administrator\AppData\Roaming\npm\node_modules\node-windows\lib\wrapper.js --file E:\BE-IOT\BE-DX\index.js --scriptoptions= --log "IOT-BE-DX wrapper" --grow 0.25 --wait 1 --maxrestarts 3 --abortonerror n --stopparentfirst undefined
2025-07-14 11:43:23 - Started 4968
